<?xml version="1.0" encoding="UTF-8"?>
<!-- Generated by org.testng.reporters.JUnitXMLReporter -->
<testsuite hostname="Navdeep-Laptop" ignored="0" name="Default test" tests="7" failures="0" timestamp="2021-05-12T20:52:09 IST" time="35.375" errors="0">
  <testcase name="checkContentLength" time="0.063" classname="com.customerapi.Testcases.TC001_Get_All_Customers"/>
  <testcase name="checkContentType" time="0.012" classname="com.customerapi.Testcases.TC001_Get_All_Customers"/>
  <testcase name="checkResponseBody" time="0.35" classname="com.customerapi.Testcases.TC001_Get_All_Customers"/>
  <testcase name="checkResponseTime" time="0.01" classname="com.customerapi.Testcases.TC001_Get_All_Customers"/>
  <testcase name="checkServerType" time="0.033" classname="com.customerapi.Testcases.TC001_Get_All_Customers"/>
  <testcase name="checkStatusCode" time="0.009" classname="com.customerapi.Testcases.TC001_Get_All_Customers"/>
  <testcase name="checkStatusLine" time="0.135" classname="com.customerapi.Testcases.TC001_Get_All_Customers"/>
</testsuite> <!-- Default test -->
