<?xml version="1.0" encoding="UTF-8"?>
<!-- Generated by org.testng.reporters.JUnitXMLReporter -->
<testsuite hostname="Navdeep-Laptop" ignored="2" name="Test" tests="17" failures="0" timestamp="2021-05-04T20:48:12 IST" time="21.821" errors="0">
  <testcase name="checkContentLength" time="0.037" classname="com.customerapi.Testcases.TC001_Get_All_Customers"/>
  <testcase name="checkContentType" time="0.006" classname="com.customerapi.Testcases.TC001_Get_All_Customers"/>
  <testcase name="checkResponseBody" time="0.104" classname="com.customerapi.Testcases.TC001_Get_All_Customers"/>
  <testcase name="checkResponseTime" time="0.067" classname="com.customerapi.Testcases.TC001_Get_All_Customers"/>
  <testcase name="checkServerType" time="0.006" classname="com.customerapi.Testcases.TC001_Get_All_Customers"/>
  <testcase name="checkStatusCode" time="0.006" classname="com.customerapi.Testcases.TC001_Get_All_Customers"/>
  <testcase name="checkStatusLine" time="0.009" classname="com.customerapi.Testcases.TC001_Get_All_Customers"/>
  <testcase name="checkContentLength" time="0.004" classname="com.customerapi.Testcases.TC002_Get_Single_Customer"/>
  <testcase name="checkContentType" time="0.004" classname="com.customerapi.Testcases.TC002_Get_Single_Customer"/>
  <testcase name="checkResponseBody" time="0.005" classname="com.customerapi.Testcases.TC002_Get_Single_Customer"/>
  <testcase name="checkResponseTime" time="0.004" classname="com.customerapi.Testcases.TC002_Get_Single_Customer"/>
  <testcase name="checkServerType" time="0.004" classname="com.customerapi.Testcases.TC002_Get_Single_Customer"/>
  <testcase name="checkStatusCode" time="0.005" classname="com.customerapi.Testcases.TC002_Get_Single_Customer"/>
  <testcase name="checkStatusLine" time="0.006" classname="com.customerapi.Testcases.TC002_Get_Single_Customer"/>
  <testcase name="Create_Customer" time="3.042" classname="com.customerapi.Testcases.TC003_Add_Customer"/>
  <testcase name="checkResponseTime" time="0.003" classname="com.customerapi.Testcases.TC003_Add_Customer"/>
  <testcase name="checkStatusCode" time="0.003" classname="com.customerapi.Testcases.TC003_Add_Customer"/>
  <testcase name="@BeforeSuite Setup" time="0.0" classname="com.customerapi.base.TestBase">
    <ignored/>
  </testcase> <!-- @BeforeSuite Setup -->
  <testcase name="@BeforeSuite Setup" time="0.0" classname="com.customerapi.base.TestBase">
    <ignored/>
  </testcase> <!-- @BeforeSuite Setup -->
</testsuite> <!-- Test -->
